<?xml version="1.0" encoding="UTF-8"?>
<!-- Generated by org.testng.reporters.JUnitXMLReporter -->
<testsuite ignored="0" hostname="My-Inspiron-7415" failures="0" tests="2" name="CreateDeliveryBoy" time="25.528" errors="0" timestamp="2024-05-17T16:24:39 AEST">
  <testcase classname="com.supermartket.test.CreateDeliveryBoy" name="verifyUserIsAbleToCreateMultipleDeliveryBoys" time="8.011"/>
  <testcase classname="com.supermartket.test.CreateDeliveryBoy" name="verifyUserIsAbleToCreateMultipleDeliveryBoys" time="5.703"/>
</testsuite> <!-- CreateDeliveryBoy -->
