<?xml version="1.0" encoding="UTF-8"?>
<!-- Generated by org.testng.reporters.JUnitXMLReporter -->
<testsuite ignored="3" hostname="My-Inspiron-7415" failures="0" tests="1" name="Test" time="6.045" errors="0" timestamp="2024-05-16T18:13:19 AEST">
  <testcase classname="com.supermartket.test.LoginTestCase" name="manageExpense" time="1.624"/>
  <testcase classname="com.supermartket.test.AddUsers" name="myadminTest" time="0.0">
    <ignored/>
  </testcase> <!-- myadminTest -->
  <testcase classname="com.supermartket.test.categoryMain" name="verfityCategoryMainPage" time="0.0">
    <ignored/>
  </testcase> <!-- verfityCategoryMainPage -->
  <testcase classname="com.supermartket.test.CreateDeliveryBoy" name="verifyUserIsAbleToCreateMultipleDeliveryBoys" time="0.0">
    <ignored/>
  </testcase> <!-- verifyUserIsAbleToCreateMultipleDeliveryBoys -->
</testsuite> <!-- Test -->
