<?xml version="1.0" encoding="UTF-8"?>
<!-- Generated by org.testng.reporters.JUnitXMLReporter -->
<testsuite ignored="0" hostname="My-Inspiron-7415" failures="0" tests="2" name="CreateDeliveryBoy" time="38.965" errors="0" timestamp="2024-05-21T09:38:11 AEST">
  <testcase classname="com.supermartket.test.CreateDeliveryBoy" name="verifyUserIsAbleToCreateMultipleDeliveryBoys" time="9.484"/>
  <testcase classname="com.supermartket.test.CreateDeliveryBoy" name="verifyUserIsAbleToCreateMultipleDeliveryBoys" time="7.61"/>
</testsuite> <!-- CreateDeliveryBoy -->
