<?xml version="1.0" encoding="UTF-8"?>
<!-- Generated by org.testng.reporters.JUnitXMLReporter -->
<testsuite ignored="0" hostname="My-Inspiron-7415" failures="0" tests="2" name="CreateDeliveryBoy" time="20.248" errors="0" timestamp="2024-05-20T20:51:22 AEST">
  <testcase classname="com.supermartket.test.CreateDeliveryBoy" name="verifyUserIsAbleToCreateMultipleDeliveryBoys" time="4.813"/>
  <testcase classname="com.supermartket.test.CreateDeliveryBoy" name="verifyUserIsAbleToCreateMultipleDeliveryBoys" time="5.608"/>
</testsuite> <!-- CreateDeliveryBoy -->
