<?xml version="1.0" encoding="UTF-8"?>
<testng-results ignored="0" total="9" passed="9" failed="0" skipped="0">
  <reporter-output>
  </reporter-output>
  <suite started-at="2024-05-20T20:51:02 AEST" name="Suite" finished-at="2024-05-20T20:51:32 AEST" duration-ms="30894">
    <groups>
      <group name="sanity">
        <method signature="LoginTestCase.manageExpense()[pri:0, instance:com.supermartket.test.LoginTestCase@21de60b4]" name="manageExpense" class="com.supermartket.test.LoginTestCase"/>
      </group> <!-- sanity -->
    </groups>
    <test started-at="2024-05-20T20:51:02 AEST" name="LoginTestCase" finished-at="2024-05-20T20:51:08 AEST" duration-ms="6678">
      <class name="com.supermartket.test.LoginTestCase">
        <test-method is-config="true" signature="initialization(java.lang.String)[pri:0, instance:com.supermartket.test.LoginTestCase@21de60b4]" started-at="2024-05-20T20:51:02 AEST" name="initialization" finished-at="2024-05-20T20:51:06 AEST" duration-ms="4907" status="PASS">
          <params>
            <param index="0">
              <value is-null="true"/>
            </param>
          </params>
          <reporter-output>
          </reporter-output>
        </test-method> <!-- initialization -->
        <test-method signature="manageExpense()[pri:0, instance:com.supermartket.test.LoginTestCase@21de60b4]" started-at="2024-05-20T20:51:06 AEST" name="manageExpense" finished-at="2024-05-20T20:51:08 AEST" duration-ms="1500" status="PASS">
          <reporter-output>
          </reporter-output>
        </test-method> <!-- manageExpense -->
        <test-method is-config="true" signature="tearDown()[pri:0, instance:com.supermartket.test.LoginTestCase@21de60b4]" started-at="2024-05-20T20:51:08 AEST" name="tearDown" finished-at="2024-05-20T20:51:08 AEST" duration-ms="220" status="PASS">
          <reporter-output>
          </reporter-output>
        </test-method> <!-- tearDown -->
      </class> <!-- com.supermartket.test.LoginTestCase -->
    </test> <!-- LoginTestCase -->
    <test started-at="2024-05-20T20:51:02 AEST" name="ManageSubcategory" finished-at="2024-05-20T20:51:19 AEST" duration-ms="17332">
      <class name="supermarketframework.ManageSubcategory">
        <test-method is-config="true" signature="initialization(java.lang.String)[pri:0, instance:supermarketframework.ManageSubcategory@9f116cc]" started-at="2024-05-20T20:51:02 AEST" name="initialization" finished-at="2024-05-20T20:51:05 AEST" duration-ms="3713" status="PASS">
          <params>
            <param index="0">
              <value is-null="true"/>
            </param>
          </params>
          <reporter-output>
          </reporter-output>
        </test-method> <!-- initialization -->
        <test-method signature="verifyManageSubcategory()[pri:0, instance:supermarketframework.ManageSubcategory@9f116cc]" started-at="2024-05-20T20:51:05 AEST" name="verifyManageSubcategory" finished-at="2024-05-20T20:51:19 AEST" duration-ms="13319" status="PASS">
          <reporter-output>
          </reporter-output>
        </test-method> <!-- verifyManageSubcategory -->
        <test-method is-config="true" signature="tearDown()[pri:0, instance:supermarketframework.ManageSubcategory@9f116cc]" started-at="2024-05-20T20:51:19 AEST" name="tearDown" finished-at="2024-05-20T20:51:19 AEST" duration-ms="255" status="PASS">
          <reporter-output>
          </reporter-output>
        </test-method> <!-- tearDown -->
      </class> <!-- supermarketframework.ManageSubcategory -->
    </test> <!-- ManageSubcategory -->
    <test started-at="2024-05-20T20:51:02 AEST" name="ManageOfferCode" finished-at="2024-05-20T20:51:20 AEST" duration-ms="18678">
      <class name="supermarketframework.ManageOfferCode">
        <test-method is-config="true" signature="initialization(java.lang.String)[pri:0, instance:supermarketframework.ManageOfferCode@7b9a4292]" started-at="2024-05-20T20:51:02 AEST" name="initialization" finished-at="2024-05-20T20:51:07 AEST" duration-ms="5048" status="PASS">
          <params>
            <param index="0">
              <value is-null="true"/>
            </param>
          </params>
          <reporter-output>
          </reporter-output>
        </test-method> <!-- initialization -->
        <test-method signature="verifyMaanageOffercodePage()[pri:0, instance:supermarketframework.ManageOfferCode@7b9a4292]" started-at="2024-05-20T20:51:07 AEST" name="verifyMaanageOffercodePage" finished-at="2024-05-20T20:51:20 AEST" duration-ms="13362" status="PASS">
          <reporter-output>
          </reporter-output>
        </test-method> <!-- verifyMaanageOffercodePage -->
        <test-method is-config="true" signature="tearDown()[pri:0, instance:supermarketframework.ManageOfferCode@7b9a4292]" started-at="2024-05-20T20:51:20 AEST" name="tearDown" finished-at="2024-05-20T20:51:20 AEST" duration-ms="224" status="PASS">
          <reporter-output>
          </reporter-output>
        </test-method> <!-- tearDown -->
      </class> <!-- supermarketframework.ManageOfferCode -->
    </test> <!-- ManageOfferCode -->
    <test started-at="2024-05-20T20:51:02 AEST" name="CreateDeliveryBoy" finished-at="2024-05-20T20:51:22 AEST" duration-ms="20248">
      <class name="com.supermartket.test.CreateDeliveryBoy">
        <test-method is-config="true" signature="initialization(java.lang.String)[pri:0, instance:com.supermartket.test.CreateDeliveryBoy@6b927fb]" started-at="2024-05-20T20:51:02 AEST" name="initialization" finished-at="2024-05-20T20:51:08 AEST" duration-ms="5923" status="PASS">
          <params>
            <param index="0">
              <value is-null="true"/>
            </param>
          </params>
          <reporter-output>
          </reporter-output>
        </test-method> <!-- initialization -->
        <test-method signature="verifyUserIsAbleToCreateMultipleDeliveryBoys(java.lang.String,java.lang.String,java.lang.String)[pri:0, instance:com.supermartket.test.CreateDeliveryBoy@6b927fb]" started-at="2024-05-20T20:51:08 AEST" name="verifyUserIsAbleToCreateMultipleDeliveryBoys" data-provider="getData" finished-at="2024-05-20T20:51:12 AEST" duration-ms="4813" status="PASS">
          <params>
            <param index="0">
              <value>
                <![CDATA[Obsqura20240520_205102]]>
              </value>
            </param>
            <param index="1">
              <value>
                <![CDATA[Obsqura20240520_205102620.2107980001582]]>
              </value>
            </param>
            <param index="2">
              <value>
                <![CDATA[mypassword20240520_205102]]>
              </value>
            </param>
          </params>
          <reporter-output>
          </reporter-output>
        </test-method> <!-- verifyUserIsAbleToCreateMultipleDeliveryBoys -->
        <test-method is-config="true" signature="tearDown()[pri:0, instance:com.supermartket.test.CreateDeliveryBoy@6b927fb]" started-at="2024-05-20T20:51:12 AEST" name="tearDown" finished-at="2024-05-20T20:51:13 AEST" duration-ms="237" status="PASS">
          <reporter-output>
          </reporter-output>
        </test-method> <!-- tearDown -->
        <test-method is-config="true" signature="initialization(java.lang.String)[pri:0, instance:com.supermartket.test.CreateDeliveryBoy@6b927fb]" started-at="2024-05-20T20:51:13 AEST" name="initialization" finished-at="2024-05-20T20:51:16 AEST" duration-ms="3285" status="PASS">
          <params>
            <param index="0">
              <value is-null="true"/>
            </param>
          </params>
          <reporter-output>
          </reporter-output>
        </test-method> <!-- initialization -->
        <test-method signature="verifyUserIsAbleToCreateMultipleDeliveryBoys(java.lang.String,java.lang.String,java.lang.String)[pri:0, instance:com.supermartket.test.CreateDeliveryBoy@6b927fb]" started-at="2024-05-20T20:51:16 AEST" name="verifyUserIsAbleToCreateMultipleDeliveryBoys" data-provider="getData" finished-at="2024-05-20T20:51:21 AEST" duration-ms="5608" status="PASS">
          <params>
            <param index="0">
              <value>
                <![CDATA[Obsqura20240520_205102]]>
              </value>
            </param>
            <param index="1">
              <value>
                <![CDATA[Niteesha43616.91818465312]]>
              </value>
            </param>
            <param index="2">
              <value>
                <![CDATA[mypassword20240520_205102]]>
              </value>
            </param>
          </params>
          <reporter-output>
          </reporter-output>
        </test-method> <!-- verifyUserIsAbleToCreateMultipleDeliveryBoys -->
        <test-method is-config="true" signature="tearDown()[pri:0, instance:com.supermartket.test.CreateDeliveryBoy@6b927fb]" started-at="2024-05-20T20:51:21 AEST" name="tearDown" finished-at="2024-05-20T20:51:22 AEST" duration-ms="335" status="PASS">
          <reporter-output>
          </reporter-output>
        </test-method> <!-- tearDown -->
      </class> <!-- com.supermartket.test.CreateDeliveryBoy -->
    </test> <!-- CreateDeliveryBoy -->
    <test started-at="2024-05-20T20:51:08 AEST" name="manageOrderPage" finished-at="2024-05-20T20:51:22 AEST" duration-ms="13778">
      <class name="com.supermartket.test.manageOrderPage">
        <test-method is-config="true" signature="initialization(java.lang.String)[pri:0, instance:com.supermartket.test.manageOrderPage@5b239d7d]" started-at="2024-05-20T20:51:08 AEST" name="initialization" finished-at="2024-05-20T20:51:11 AEST" duration-ms="3043" status="PASS">
          <params>
            <param index="0">
              <value is-null="true"/>
            </param>
          </params>
          <reporter-output>
          </reporter-output>
        </test-method> <!-- initialization -->
        <test-method signature="verifyManageOrderPage()[pri:0, instance:com.supermartket.test.manageOrderPage@5b239d7d]" started-at="2024-05-20T20:51:11 AEST" name="verifyManageOrderPage" finished-at="2024-05-20T20:51:22 AEST" duration-ms="10381" status="PASS">
          <reporter-output>
          </reporter-output>
        </test-method> <!-- verifyManageOrderPage -->
        <test-method is-config="true" signature="tearDown()[pri:0, instance:com.supermartket.test.manageOrderPage@5b239d7d]" started-at="2024-05-20T20:51:22 AEST" name="tearDown" finished-at="2024-05-20T20:51:22 AEST" duration-ms="351" status="PASS">
          <reporter-output>
          </reporter-output>
        </test-method> <!-- tearDown -->
      </class> <!-- com.supermartket.test.manageOrderPage -->
    </test> <!-- manageOrderPage -->
    <test started-at="2024-05-20T20:51:20 AEST" name="AddUsers" finished-at="2024-05-20T20:51:28 AEST" duration-ms="8247">
      <class name="supermarketframework.AddUsers">
        <test-method is-config="true" signature="initialization(java.lang.String)[pri:0, instance:supermarketframework.AddUsers@222545dc]" started-at="2024-05-20T20:51:20 AEST" name="initialization" finished-at="2024-05-20T20:51:24 AEST" duration-ms="3667" status="PASS">
          <params>
            <param index="0">
              <value is-null="true"/>
            </param>
          </params>
          <reporter-output>
          </reporter-output>
        </test-method> <!-- initialization -->
        <test-method signature="myadminTest()[pri:0, instance:supermarketframework.AddUsers@222545dc]" started-at="2024-05-20T20:51:24 AEST" name="myadminTest" finished-at="2024-05-20T20:51:28 AEST" duration-ms="4382" status="PASS">
          <reporter-output>
          </reporter-output>
        </test-method> <!-- myadminTest -->
        <test-method is-config="true" signature="tearDown()[pri:0, instance:supermarketframework.AddUsers@222545dc]" started-at="2024-05-20T20:51:28 AEST" name="tearDown" finished-at="2024-05-20T20:51:28 AEST" duration-ms="196" status="PASS">
          <reporter-output>
          </reporter-output>
        </test-method> <!-- tearDown -->
      </class> <!-- supermarketframework.AddUsers -->
    </test> <!-- AddUsers -->
    <test started-at="2024-05-20T20:51:19 AEST" name="ManagePage" finished-at="2024-05-20T20:51:30 AEST" duration-ms="11430">
      <class name="com.supermartket.test.ManagePage">
        <test-method is-config="true" signature="initialization(java.lang.String)[pri:0, instance:com.supermartket.test.ManagePage@37afeb11]" started-at="2024-05-20T20:51:19 AEST" name="initialization" finished-at="2024-05-20T20:51:22 AEST" duration-ms="3476" status="PASS">
          <params>
            <param index="0">
              <value is-null="true"/>
            </param>
          </params>
          <reporter-output>
          </reporter-output>
        </test-method> <!-- initialization -->
        <test-method signature="verifyManagePage()[pri:0, instance:com.supermartket.test.ManagePage@37afeb11]" started-at="2024-05-20T20:51:22 AEST" name="verifyManagePage" finished-at="2024-05-20T20:51:30 AEST" duration-ms="7770" status="PASS">
          <reporter-output>
          </reporter-output>
        </test-method> <!-- verifyManagePage -->
        <test-method is-config="true" signature="tearDown()[pri:0, instance:com.supermartket.test.ManagePage@37afeb11]" started-at="2024-05-20T20:51:30 AEST" name="tearDown" finished-at="2024-05-20T20:51:30 AEST" duration-ms="183" status="PASS">
          <reporter-output>
          </reporter-output>
        </test-method> <!-- tearDown -->
      </class> <!-- com.supermartket.test.ManagePage -->
    </test> <!-- ManagePage -->
    <test started-at="2024-05-20T20:51:22 AEST" name="ManageSliderPage" finished-at="2024-05-20T20:51:32 AEST" duration-ms="10623">
      <class name="com.supermartket.test.ManageSliderPage">
        <test-method is-config="true" signature="initialization(java.lang.String)[pri:0, instance:com.supermartket.test.ManageSliderPage@436813f3]" started-at="2024-05-20T20:51:22 AEST" name="initialization" finished-at="2024-05-20T20:51:25 AEST" duration-ms="3465" status="PASS">
          <params>
            <param index="0">
              <value is-null="true"/>
            </param>
          </params>
          <reporter-output>
          </reporter-output>
        </test-method> <!-- initialization -->
        <test-method signature="manageSliderPage()[pri:0, instance:com.supermartket.test.ManageSliderPage@436813f3]" started-at="2024-05-20T20:51:25 AEST" name="manageSliderPage" finished-at="2024-05-20T20:51:32 AEST" duration-ms="6925" status="PASS">
          <reporter-output>
          </reporter-output>
        </test-method> <!-- manageSliderPage -->
        <test-method is-config="true" signature="tearDown()[pri:0, instance:com.supermartket.test.ManageSliderPage@436813f3]" started-at="2024-05-20T20:51:32 AEST" name="tearDown" finished-at="2024-05-20T20:51:32 AEST" duration-ms="231" status="PASS">
          <reporter-output>
          </reporter-output>
        </test-method> <!-- tearDown -->
      </class> <!-- com.supermartket.test.ManageSliderPage -->
    </test> <!-- ManageSliderPage -->
  </suite> <!-- Suite -->
</testng-results>
