<?xml version="1.0" encoding="UTF-8"?>
<testng-results ignored="0" total="1" passed="1" failed="0" skipped="0">
  <reporter-output>
  </reporter-output>
  <suite started-at="2024-05-20T20:48:35 AEST" name="Default suite" finished-at="2024-05-20T20:48:50 AEST" duration-ms="15140">
    <groups>
    </groups>
    <test started-at="2024-05-20T20:48:35 AEST" name="Default test" finished-at="2024-05-20T20:48:50 AEST" duration-ms="15140">
      <class name="com.supermartket.test.ManageSubcategory">
        <test-method is-config="true" signature="initialization(java.lang.String)[pri:0, instance:com.supermartket.test.ManageSubcategory@6b927fb]" started-at="2024-05-20T20:48:35 AEST" name="initialization" finished-at="2024-05-20T20:48:38 AEST" duration-ms="3679" status="PASS">
          <params>
            <param index="0">
              <value is-null="true"/>
            </param>
          </params>
          <reporter-output>
          </reporter-output>
        </test-method> <!-- initialization -->
        <test-method signature="verifyManageSubcategory()[pri:0, instance:com.supermartket.test.ManageSubcategory@6b927fb]" started-at="2024-05-20T20:48:38 AEST" name="verifyManageSubcategory" finished-at="2024-05-20T20:48:49 AEST" duration-ms="11146" status="PASS">
          <reporter-output>
          </reporter-output>
        </test-method> <!-- verifyManageSubcategory -->
        <test-method is-config="true" signature="tearDown()[pri:0, instance:com.supermartket.test.ManageSubcategory@6b927fb]" started-at="2024-05-20T20:48:49 AEST" name="tearDown" finished-at="2024-05-20T20:48:50 AEST" duration-ms="264" status="PASS">
          <reporter-output>
          </reporter-output>
        </test-method> <!-- tearDown -->
      </class> <!-- com.supermartket.test.ManageSubcategory -->
    </test> <!-- Default test -->
  </suite> <!-- Default suite -->
</testng-results>
