<?xml version="1.0" encoding="UTF-8"?>
<testng-results ignored="0" total="1" passed="1" failed="0" skipped="0">
  <reporter-output>
  </reporter-output>
  <suite started-at="2024-05-20T19:27:54 AEST" name="Default suite" finished-at="2024-05-20T19:28:12 AEST" duration-ms="17805">
    <groups>
    </groups>
    <test started-at="2024-05-20T19:27:54 AEST" name="Default test" finished-at="2024-05-20T19:28:12 AEST" duration-ms="17805">
      <class name="com.supermartket.test.ManageOfferCode">
        <test-method is-config="true" signature="initialization(java.lang.String)[pri:0, instance:com.supermartket.test.ManageOfferCode@6b927fb]" started-at="2024-05-20T19:27:54 AEST" name="initialization" finished-at="2024-05-20T19:27:59 AEST" duration-ms="4616" status="PASS">
          <params>
            <param index="0">
              <value is-null="true"/>
            </param>
          </params>
          <reporter-output>
          </reporter-output>
        </test-method> <!-- initialization -->
        <test-method signature="verifyMaanageOffercodePage()[pri:0, instance:com.supermartket.test.ManageOfferCode@6b927fb]" started-at="2024-05-20T19:27:59 AEST" name="verifyMaanageOffercodePage" finished-at="2024-05-20T19:28:12 AEST" duration-ms="12886" status="PASS">
          <reporter-output>
          </reporter-output>
        </test-method> <!-- verifyMaanageOffercodePage -->
        <test-method is-config="true" signature="tearDown()[pri:0, instance:com.supermartket.test.ManageOfferCode@6b927fb]" started-at="2024-05-20T19:28:12 AEST" name="tearDown" finished-at="2024-05-20T19:28:12 AEST" duration-ms="257" status="PASS">
          <reporter-output>
          </reporter-output>
        </test-method> <!-- tearDown -->
      </class> <!-- com.supermartket.test.ManageOfferCode -->
    </test> <!-- Default test -->
  </suite> <!-- Default suite -->
</testng-results>
